#
# A fatal error has been detected by the Java Runtime Environment:
#
#  SIGSEGV (0xb) at pc=0x0000000103150e84, pid=26039, tid=16643
#
# JRE version: Java(TM) SE Runtime Environment (7.0_67-b01) (build 1.7.0_67-b01)
# Java VM: Java HotSpot(TM) 64-Bit Server VM (24.65-b04 mixed mode bsd-amd64 compressed oops)
# Problematic frame:
# V  [libjvm.dylib+0x2b1e84]  java_lang_String::length(oopDesc*)+0x54
#
# Failed to write core dump. Core dumps have been disabled. To enable core dumping, try "ulimit -c unlimited" before starting Java again
#
# If you would like to submit a bug report, please visit:
#   http://bugreport.sun.com/bugreport/crash.jsp
#

---------------  T H R E A D  ---------------

Current thread (0x00007ff943831800):  JavaThread "JDWP Transport Listener: dt_socket" daemon [_thread_in_vm, id=16643, stack(0x000000011401a000,0x000000011411a000)]

siginfo:si_signo=SIGSEGV: si_errno=0, si_code=1 (SEGV_MAPERR), si_addr=0x000000000000000c

Registers:
RAX=0x0000000000000000, RBX=0x00000007ad024080, RCX=0x000000000000000c, RDX=0x0000000000000000
RSP=0x0000000114119a10, RBP=0x0000000114119a10, RSI=0x00007ff942e0b800, RDI=0x00000007ad024080
R8 =0x0000000000000000, R9 =0x00000000ffc00000, R10=0x0000000000000010, R11=0xffff8007d11e5740
R12=0x00007ff943831800, R13=0x00007ff942db3c30, R14=0x0000000000000000, R15=0x0000000000000000
RIP=0x0000000103150e84, EFLAGS=0x0000000000010202, ERR=0x0000000000000004
  TRAPNO=0x000000000000000e

Top of Stack: (sp=0x0000000114119a10)
0x0000000114119a10:   0000000114119a40 00000001031807be
0x0000000114119a20:   0000000000000000 0000000000000000
0x0000000114119a30:   00000007ad024080 00007ff9438319e8
0x0000000114119a40:   0000000114119ab0 00000001031a8086
0x0000000114119a50:   00007ff943831800 00007ff943831800
0x0000000114119a60:   0000000000000000 0000000000000000
0x0000000114119a70:   00007ff9438319e8 00007ff943831800
0x0000000114119a80:   00007ff943831800 0000000114119b08
0x0000000114119a90:   00007ff942e0b800 00007ff942db3c30
0x0000000114119aa0:   0000000114119c90 00007ff9438319e8
0x0000000114119ab0:   0000000114119ae0 000000010395a4be
0x0000000114119ac0:   0000000114119c90 000000010397adc2
0x0000000114119ad0:   0000000114119b08 0000000103986588
0x0000000114119ae0:   0000000114119d00 0000000103961642
0x0000000114119af0:   00000db400000013 0000000000010a00
0x0000000114119b00:   00007ff942f34330 0000000114119b58
0x0000000114119b10:   00007ff90000012c 0000000114119b20
0x0000000114119b20:   00007ff900000000 0000000114119b58
0x0000000114119b30:   0000000000000000 00007f0000000000
0x0000000114119b40:   00000db40000001e 00007fff0000af80
0x0000000114119b50:   0000000114119b58 6c6f6f700f000000
0x0000000114119b60:   61657268742d312d 0000000002312d64
0x0000000114119b70:   e101000000000000 0900000000000000
0x0000000114119b80:   00000101e2010000 00003d0000000000
0x0000000114119b90:   ffff88b8e042f97f 0000ffffffffffff
0x0000000114119ba0:   0001020022000000 003d000000000000
0x0000000114119bb0:   00e8b6e042f97f00 006a000000000000
0x0000000114119bc0:   0103002200000000 3000000000000000
0x0000000114119bd0:   60b6e042f97f0000 0500000000000000
0x0000000114119be0:   0400220000000000 0000000000000001
0x0000000114119bf0:   b6e042f97f000030 0000000000000048
0x0000000114119c00:   0022000000000001 0000000000000105 

Instructions: (pc=0x0000000103150e84)
0x0000000103150e64:   eb 16 48 8d 35 c3 79 4c 00 8a 4e 08 48 d3 e2 48
0x0000000103150e74:   03 16 eb 04 48 8b 14 0f 84 c0 0f 94 c0 0f b6 c0
0x0000000103150e84:   8b 44 82 0c 5d c3 8b 04 07 5d c3 90 55 48 89 e5
0x0000000103150e94:   f6 87 8d 00 00 00 02 75 04 31 ff eb 23 48 63 87 

Register to memory mapping:

RAX=0x0000000000000000 is an unknown value
RBX=0x00000007ad024080 is an oop
java.lang.String 
 - klass: 'java/lang/String'
RCX=0x000000000000000c is an unknown value
RDX=0x0000000000000000 is an unknown value
RSP=0x0000000114119a10 is pointing into the stack for thread: 0x00007ff943831800
RBP=0x0000000114119a10 is pointing into the stack for thread: 0x00007ff943831800
RSI=0x00007ff942e0b800 is a global jni handle
RDI=0x00000007ad024080 is an oop
java.lang.String 
 - klass: 'java/lang/String'
R8 =0x0000000000000000 is an unknown value
R9 =0x00000000ffc00000 is an unknown value
R10=0x0000000000000010 is an unknown value
R11=0xffff8007d11e5740 is an unknown value
R12=0x00007ff943831800 is a thread
R13=0x00007ff942db3c30 is an unknown value
R14=0x0000000000000000 is an unknown value
R15=0x0000000000000000 is an unknown value


Stack: [0x000000011401a000,0x000000011411a000],  sp=0x0000000114119a10,  free space=1022k
Native frames: (J=compiled Java code, j=interpreted, Vv=VM code, C=native code)
V  [libjvm.dylib+0x2b1e84]  java_lang_String::length(oopDesc*)+0x54
V  [libjvm.dylib+0x2e17be]  java_lang_String::utf8_length(oopDesc*)+0x38
V  [libjvm.dylib+0x309086]  jni_GetStringUTFChars+0x71
C  [libjdwp.dylib+0x74be]  value+0x96
C  [libjdwp.dylib+0xe642]  debugLoop_run+0x1ce
C  [libjdwp.dylib+0x1f0e2]  attachThread+0x4d
V  [libjvm.dylib+0x3781c2]  JvmtiAgentThread::call_start_function()+0x38
V  [libjvm.dylib+0x4f5855]  JavaThread::thread_main_inner()+0x9b
V  [libjvm.dylib+0x4f6f5d]  JavaThread::run()+0x1a3
V  [libjvm.dylib+0x420772]  java_start(Thread*)+0x126
C  [libsystem_pthread.dylib+0x3268]  _pthread_body+0x83
C  [libsystem_pthread.dylib+0x31e5]  _pthread_body+0x0
C  [libsystem_pthread.dylib+0x141d]  thread_start+0xd


---------------  P R O C E S S  ---------------

Java Threads: ( => current thread )
  0x00007ff943244800 JavaThread "DestroyJavaVM" [_thread_blocked, id=4867, stack(0x0000000104201000,0x0000000104301000)]
  0x00007ff943244000 JavaThread "pool-1-thread-9" [_thread_blocked, id=23555, stack(0x0000000115403000,0x0000000115503000)]
  0x00007ff9440d7800 JavaThread "pool-1-thread-8" [_thread_blocked, id=23043, stack(0x0000000115300000,0x0000000115400000)]
  0x00007ff944978800 JavaThread "pool-1-thread-7" [_thread_blocked, id=22531, stack(0x00000001151fd000,0x00000001152fd000)]
  0x00007ff944a6c800 JavaThread "pool-1-thread-6" [_thread_blocked, id=22019, stack(0x00000001150fa000,0x00000001151fa000)]
  0x00007ff944029000 JavaThread "pool-1-thread-5" [_thread_blocked, id=21507, stack(0x0000000114ff7000,0x00000001150f7000)]
  0x00007ff944a6b800 JavaThread "pool-1-thread-4" [_thread_blocked, id=20995, stack(0x0000000114ef4000,0x0000000114ff4000)]
  0x00007ff943243000 JavaThread "pool-1-thread-3" [_thread_blocked, id=12807, stack(0x0000000114df1000,0x0000000114ef1000)]
  0x00007ff94402f000 JavaThread "pool-1-thread-2" [_thread_blocked, id=12299, stack(0x0000000114cee000,0x0000000114dee000)]
  0x00007ff944a6a000 JavaThread "pool-1-thread-1" [_thread_blocked, id=13063, stack(0x0000000112639000,0x0000000112739000)]
  0x00007ff944a6b000 JavaThread "java-sdk-http-connection-reaper" daemon [_thread_blocked, id=20227, stack(0x0000000114be1000,0x0000000114ce1000)]
  0x00007ff944819800 JavaThread "Service Thread" daemon [_thread_blocked, id=19203, stack(0x0000000114529000,0x0000000114629000)]
  0x00007ff944817000 JavaThread "C2 CompilerThread1" daemon [_thread_blocked, id=18691, stack(0x0000000114426000,0x0000000114526000)]
  0x00007ff944818000 JavaThread "C2 CompilerThread0" daemon [_thread_blocked, id=18179, stack(0x0000000114323000,0x0000000114423000)]
  0x00007ff94304e000 JavaThread "JDWP Command Reader" daemon [_thread_in_native, id=17667, stack(0x0000000114220000,0x0000000114320000)]
  0x00007ff943832000 JavaThread "JDWP Event Helper Thread" daemon [_thread_blocked, id=17155, stack(0x000000011411d000,0x000000011421d000)]
=>0x00007ff943831800 JavaThread "JDWP Transport Listener: dt_socket" daemon [_thread_in_vm, id=16643, stack(0x000000011401a000,0x000000011411a000)]
  0x00007ff944810000 JavaThread "Signal Dispatcher" daemon [_thread_blocked, id=13331, stack(0x0000000113f11000,0x0000000114011000)]
  0x00007ff94380e800 JavaThread "Finalizer" daemon [_thread_blocked, id=11523, stack(0x00000001124f0000,0x00000001125f0000)]
  0x00007ff943029800 JavaThread "Reference Handler" daemon [_thread_blocked, id=11011, stack(0x00000001123ed000,0x00000001124ed000)]

Other Threads:
  0x00007ff94380e000 VMThread [stack: 0x00000001122ea000,0x00000001123ea000] [id=10499]
  0x00007ff944822800 WatcherThread [stack: 0x000000011462c000,0x000000011472c000] [id=19715]

VM state:not at safepoint (normal execution)

VM Mutex/Monitor currently owned by a thread: None

Heap
 PSYoungGen      total 76800K, used 53052K [0x00000007aaa80000, 0x00000007b0000000, 0x0000000800000000)
  eden space 66048K, 80% used [0x00000007aaa80000,0x00000007ade4f058,0x00000007aeb00000)
  from space 10752K, 0% used [0x00000007af580000,0x00000007af580000,0x00000007b0000000)
  to   space 10752K, 0% used [0x00000007aeb00000,0x00000007aeb00000,0x00000007af580000)
 ParOldGen       total 174592K, used 0K [0x0000000700000000, 0x000000070aa80000, 0x00000007aaa80000)
  object space 174592K, 0% used [0x0000000700000000,0x0000000700000000,0x000000070aa80000)
 PSPermGen       total 21504K, used 13674K [0x00000006fae00000, 0x00000006fc300000, 0x0000000700000000)
  object space 21504K, 63% used [0x00000006fae00000,0x00000006fbb5a878,0x00000006fc300000)

Card table byte_map: [0x00000001073c3000,0x0000000107bed000] byte_map_base: 0x0000000103bec000

Polling page: 0x0000000103952000

Code Cache  [0x0000000104303000, 0x0000000104573000, 0x0000000107303000)
 total_blobs=405 nmethods=117 adapters=250 free_code_cache=48417Kb largest_free_block=49557504

Compilation events (10 events):
Event: 5.670 Thread 0x00007ff944817000 nmethod 114 0x00000001043b0a90 code [0x00000001043b0be0, 0x00000001043b0c78]
Event: 5.670 Thread 0x00007ff944818000 nmethod 113 0x00000001043b07d0 code [0x00000001043b0920, 0x00000001043b09d8]
Event: 5.671 Thread 0x00007ff944817000  115             com.sun.org.apache.xerces.internal.dom.ElementImpl::getNodeType (2 bytes)
Event: 5.671 Thread 0x00007ff944818000  116             com.sun.org.apache.xerces.internal.dom.ElementImpl::getTagName (16 bytes)
Event: 5.671 Thread 0x00007ff944817000 nmethod 115 0x00000001043b05d0 code [0x00000001043b0700, 0x00000001043b0758]
Event: 5.671 Thread 0x00007ff944818000 nmethod 116 0x00000001043b0350 code [0x00000001043b04a0, 0x00000001043b0538]
Event: 5.674 Thread 0x00007ff944817000  117             com.sun.org.apache.xerces.internal.dom.ChildNode::getParentNode (16 bytes)
Event: 5.674 Thread 0x00007ff944817000 nmethod 117 0x00000001043b0150 code [0x00000001043b0280, 0x00000001043b02f8]
Event: 5.743 Thread 0x00007ff944818000  118  s          java.util.Vector::size (5 bytes)
Event: 5.744 Thread 0x00007ff944818000 nmethod 118 0x00000001043afd90 code [0x00000001043afec0, 0x00000001043b00d8]

GC Heap History (0 events):
No events

Deoptimization events (0 events):
No events

Internal exceptions (10 events):
Event: 5.235 Thread 0x00007ff944001800 Threw 0x00000007acd93658 at /HUDSON/workspace/7u-2-build-macosx-x86_64/jdk7u67/1368/hotspot/src/share/vm/prims/jvm.cpp:1244
Event: 5.237 Thread 0x00007ff944001800 Threw 0x00000007acd9ae20 at /HUDSON/workspace/7u-2-build-macosx-x86_64/jdk7u67/1368/hotspot/src/share/vm/prims/jvm.cpp:1244
Event: 5.240 Thread 0x00007ff944001800 Threw 0x00000007acda2ca8 at /HUDSON/workspace/7u-2-build-macosx-x86_64/jdk7u67/1368/hotspot/src/share/vm/prims/jvm.cpp:1244
Event: 5.242 Thread 0x00007ff944001800 Threw 0x00000007acdab288 at /HUDSON/workspace/7u-2-build-macosx-x86_64/jdk7u67/1368/hotspot/src/share/vm/prims/jvm.cpp:1244
Event: 5.244 Thread 0x00007ff944001800 Threw 0x00000007acdb2608 at /HUDSON/workspace/7u-2-build-macosx-x86_64/jdk7u67/1368/hotspot/src/share/vm/prims/jvm.cpp:1244
Event: 5.246 Thread 0x00007ff944001800 Threw 0x00000007acdb9d58 at /HUDSON/workspace/7u-2-build-macosx-x86_64/jdk7u67/1368/hotspot/src/share/vm/prims/jvm.cpp:1244
Event: 5.250 Thread 0x00007ff944001800 Threw 0x00000007acdcf110 at /HUDSON/workspace/7u-2-build-macosx-x86_64/jdk7u67/1368/hotspot/src/share/vm/prims/jvm.cpp:1244
Event: 5.252 Thread 0x00007ff944001800 Threw 0x00000007acdd7588 at /HUDSON/workspace/7u-2-build-macosx-x86_64/jdk7u67/1368/hotspot/src/share/vm/prims/jvm.cpp:1244
Event: 13.327 Thread 0x00007ff944a6a000 Threw 0x00000007ad01f740 at /HUDSON/workspace/7u-2-build-macosx-x86_64/jdk7u67/1368/hotspot/src/share/vm/prims/jvm.cpp:1244
Event: 65.068 Thread 0x00007ff944a6b000 Threw 0x00000007add062d0 at /HUDSON/workspace/7u-2-build-macosx-x86_64/jdk7u67/1368/hotspot/src/share/vm/prims/jvm.cpp:1244

Events (10 events):
Event: 93.021 Executing VM operation: ChangeSingleStep
Event: 93.021 Executing VM operation: ChangeSingleStep done
Event: 93.021 Executing VM operation: GetCurrentLocation
Event: 93.021 Executing VM operation: GetCurrentLocation done
Event: 93.021 Executing VM operation: ChangeSingleStep
Event: 93.021 Executing VM operation: ChangeSingleStep done
Event: 93.022 Executing VM operation: ChangeSingleStep
Event: 93.022 Executing VM operation: ChangeSingleStep done
Event: 93.234 Executing VM operation: GetOrSetLocal
Event: 93.234 Executing VM operation: GetOrSetLocal done


Dynamic libraries:
0x000000000bec0000 	/System/Library/Frameworks/Cocoa.framework/Versions/A/Cocoa
0x000000000bec0000 	/System/Library/Frameworks/Security.framework/Versions/A/Security
0x000000000bec0000 	/System/Library/Frameworks/ApplicationServices.framework/Versions/A/ApplicationServices
0x000000000bec0000 	/usr/lib/libz.1.dylib
0x000000000bec0000 	/usr/lib/libSystem.B.dylib
0x000000000bec0000 	/usr/lib/libobjc.A.dylib
0x000000000bec0000 	/System/Library/Frameworks/CoreFoundation.framework/Versions/A/CoreFoundation
0x000000000bec0000 	/System/Library/Frameworks/Foundation.framework/Versions/C/Foundation
0x000000000bec0000 	/System/Library/Frameworks/AppKit.framework/Versions/C/AppKit
0x000000000bec0000 	/System/Library/Frameworks/CoreData.framework/Versions/A/CoreData
0x000000000bec0000 	/System/Library/PrivateFrameworks/RemoteViewServices.framework/Versions/A/RemoteViewServices
0x000000000bec0000 	/System/Library/PrivateFrameworks/UIFoundation.framework/Versions/A/UIFoundation
0x000000000bec0000 	/System/Library/Frameworks/IOSurface.framework/Versions/A/IOSurface
0x000000000bec0000 	/System/Library/Frameworks/AudioToolbox.framework/Versions/A/AudioToolbox
0x000000000bec0000 	/System/Library/Frameworks/AudioUnit.framework/Versions/A/AudioUnit
0x000000000bec0000 	/System/Library/PrivateFrameworks/DataDetectorsCore.framework/Versions/A/DataDetectorsCore
0x000000000bec0000 	/System/Library/PrivateFrameworks/DesktopServicesPriv.framework/Versions/A/DesktopServicesPriv
0x000000000bec0000 	/System/Library/Frameworks/Carbon.framework/Versions/A/Frameworks/HIToolbox.framework/Versions/A/HIToolbox
0x000000000bec0000 	/System/Library/Frameworks/QuartzCore.framework/Versions/A/QuartzCore
0x000000000bec0000 	/System/Library/Frameworks/Carbon.framework/Versions/A/Frameworks/SpeechRecognition.framework/Versions/A/SpeechRecognition
0x000000000bec0000 	/usr/lib/libauto.dylib
0x000000000bec0000 	/usr/lib/libicucore.A.dylib
0x000000000bec0000 	/usr/lib/libxml2.2.dylib
0x000000000bec0000 	/System/Library/PrivateFrameworks/CoreUI.framework/Versions/A/CoreUI
0x000000000bec0000 	/System/Library/Frameworks/CoreAudio.framework/Versions/A/CoreAudio
0x000000000bec0000 	/System/Library/Frameworks/DiskArbitration.framework/Versions/A/DiskArbitration
0x000000000bec0000 	/usr/lib/liblangid.dylib
0x000000000bec0000 	/System/Library/PrivateFrameworks/MultitouchSupport.framework/Versions/A/MultitouchSupport
0x000000000bec0000 	/System/Library/Frameworks/IOKit.framework/Versions/A/IOKit
0x000000000bec0000 	/usr/lib/libDiagnosticMessagesClient.dylib
0x000000000bec0000 	/System/Library/Frameworks/CoreServices.framework/Versions/A/CoreServices
0x000000000bec0000 	/System/Library/PrivateFrameworks/PerformanceAnalysis.framework/Versions/A/PerformanceAnalysis
0x000000000bec0000 	/System/Library/PrivateFrameworks/GenerationalStorage.framework/Versions/A/GenerationalStorage
0x000000000bec0000 	/System/Library/Frameworks/OpenGL.framework/Versions/A/OpenGL
0x000000000bec0000 	/System/Library/PrivateFrameworks/Sharing.framework/Versions/A/Sharing
0x000000000bec0000 	/System/Library/Frameworks/CoreGraphics.framework/Versions/A/CoreGraphics
0x000000000bec0000 	/System/Library/Frameworks/CoreText.framework/Versions/A/CoreText
0x000000000bec0000 	/System/Library/Frameworks/ImageIO.framework/Versions/A/ImageIO
0x000000000bec0000 	/usr/lib/libextension.dylib
0x000000000bec0000 	/System/Library/PrivateFrameworks/Backup.framework/Versions/A/Backup
0x000000000bec0000 	/usr/lib/libarchive.2.dylib
0x000000000bec0000 	/System/Library/Frameworks/CFNetwork.framework/Versions/A/CFNetwork
0x000000000bec0000 	/System/Library/Frameworks/SystemConfiguration.framework/Versions/A/SystemConfiguration
0x000000000bec0000 	/usr/lib/libCRFSuite.dylib
0x000000000bec0000 	/usr/lib/libc++.1.dylib
0x000000000bec0000 	/usr/lib/libc++abi.dylib
0x000000000bec0000 	/usr/lib/system/libcache.dylib
0x000000000bec0000 	/usr/lib/system/libcommonCrypto.dylib
0x000000000bec0000 	/usr/lib/system/libcompiler_rt.dylib
0x000000000bec0000 	/usr/lib/system/libcopyfile.dylib
0x000000000bec0000 	/usr/lib/system/libcorecrypto.dylib
0x000000000bec0000 	/usr/lib/system/libdispatch.dylib
0x000000000bec0000 	/usr/lib/system/libdyld.dylib
0x000000000bec0000 	/usr/lib/system/libkeymgr.dylib
0x000000000bec0000 	/usr/lib/system/liblaunch.dylib
0x000000000bec0000 	/usr/lib/system/libmacho.dylib
0x000000000bec0000 	/usr/lib/system/libquarantine.dylib
0x000000000bec0000 	/usr/lib/system/libremovefile.dylib
0x000000000bec0000 	/usr/lib/system/libsystem_asl.dylib
0x000000000bec0000 	/usr/lib/system/libsystem_blocks.dylib
0x000000000bec0000 	/usr/lib/system/libsystem_c.dylib
0x000000000bec0000 	/usr/lib/system/libsystem_configuration.dylib
0x000000000bec0000 	/usr/lib/system/libsystem_coreservices.dylib
0x000000000bec0000 	/usr/lib/system/libsystem_coretls.dylib
0x000000000bec0000 	/usr/lib/system/libsystem_dnssd.dylib
0x000000000bec0000 	/usr/lib/system/libsystem_info.dylib
0x000000000bec0000 	/usr/lib/system/libsystem_kernel.dylib
0x000000000bec0000 	/usr/lib/system/libsystem_m.dylib
0x000000000bec0000 	/usr/lib/system/libsystem_malloc.dylib
0x000000000bec0000 	/usr/lib/system/libsystem_network.dylib
0x000000000bec0000 	/usr/lib/system/libsystem_networkextension.dylib
0x000000000bec0000 	/usr/lib/system/libsystem_notify.dylib
0x000000000bec0000 	/usr/lib/system/libsystem_platform.dylib
0x000000000bec0000 	/usr/lib/system/libsystem_pthread.dylib
0x000000000bec0000 	/usr/lib/system/libsystem_sandbox.dylib
0x000000000bec0000 	/usr/lib/system/libsystem_secinit.dylib
0x000000000bec0000 	/usr/lib/system/libsystem_stats.dylib
0x000000000bec0000 	/usr/lib/system/libsystem_trace.dylib
0x000000000bec0000 	/usr/lib/system/libunc.dylib
0x000000000bec0000 	/usr/lib/system/libunwind.dylib
0x000000000bec0000 	/usr/lib/system/libxpc.dylib
0x000000000bec0000 	/usr/lib/libbz2.1.0.dylib
0x000000000bec0000 	/usr/lib/liblzma.5.dylib
0x000000000bec0000 	/usr/lib/libbsm.0.dylib
0x000000000bec0000 	/usr/lib/libsqlite3.dylib
0x000000000bec0000 	/usr/lib/system/libkxld.dylib
0x000000000bec0000 	/usr/lib/libxar.1.dylib
0x000000000bec0000 	/usr/lib/libpam.2.dylib
0x000000000bec0000 	/usr/lib/libOpenScriptingUtil.dylib
0x000000000bec0000 	/System/Library/Frameworks/CoreServices.framework/Versions/A/Frameworks/FSEvents.framework/Versions/A/FSEvents
0x000000000bec0000 	/System/Library/Frameworks/CoreServices.framework/Versions/A/Frameworks/CarbonCore.framework/Versions/A/CarbonCore
0x000000000bec0000 	/System/Library/Frameworks/CoreServices.framework/Versions/A/Frameworks/Metadata.framework/Versions/A/Metadata
0x000000000bec0000 	/System/Library/Frameworks/CoreServices.framework/Versions/A/Frameworks/OSServices.framework/Versions/A/OSServices
0x000000000bec0000 	/System/Library/Frameworks/CoreServices.framework/Versions/A/Frameworks/SearchKit.framework/Versions/A/SearchKit
0x000000000bec0000 	/System/Library/Frameworks/CoreServices.framework/Versions/A/Frameworks/AE.framework/Versions/A/AE
0x000000000bec0000 	/System/Library/Frameworks/CoreServices.framework/Versions/A/Frameworks/LaunchServices.framework/Versions/A/LaunchServices
0x000000000bec0000 	/System/Library/Frameworks/CoreServices.framework/Versions/A/Frameworks/DictionaryServices.framework/Versions/A/DictionaryServices
0x000000000bec0000 	/System/Library/Frameworks/NetFS.framework/Versions/A/NetFS
0x000000000bec0000 	/System/Library/PrivateFrameworks/NetAuth.framework/Versions/A/NetAuth
0x000000000bec0000 	/System/Library/PrivateFrameworks/login.framework/Versions/A/Frameworks/loginsupport.framework/Versions/A/loginsupport
0x000000000bec0000 	/System/Library/PrivateFrameworks/TCC.framework/Versions/A/TCC
0x000000000bec0000 	/usr/lib/libmecabra.dylib
0x000000000bec0000 	/System/Library/Frameworks/ApplicationServices.framework/Versions/A/Frameworks/ATS.framework/Versions/A/ATS
0x000000000bec0000 	/System/Library/Frameworks/ApplicationServices.framework/Versions/A/Frameworks/ColorSync.framework/Versions/A/ColorSync
0x000000000bec0000 	/System/Library/Frameworks/ApplicationServices.framework/Versions/A/Frameworks/HIServices.framework/Versions/A/HIServices
0x000000000bec0000 	/System/Library/Frameworks/ApplicationServices.framework/Versions/A/Frameworks/LangAnalysis.framework/Versions/A/LangAnalysis
0x000000000bec0000 	/System/Library/Frameworks/ApplicationServices.framework/Versions/A/Frameworks/PrintCore.framework/Versions/A/PrintCore
0x000000000bec0000 	/System/Library/Frameworks/ApplicationServices.framework/Versions/A/Frameworks/QD.framework/Versions/A/QD
0x000000000bec0000 	/System/Library/Frameworks/ApplicationServices.framework/Versions/A/Frameworks/SpeechSynthesis.framework/Versions/A/SpeechSynthesis
0x000000000bec0000 	/System/Library/Frameworks/Accelerate.framework/Versions/A/Accelerate
0x000000000bec0000 	/System/Library/Frameworks/Accelerate.framework/Versions/A/Frameworks/vImage.framework/Versions/A/vImage
0x000000000bec0000 	/System/Library/Frameworks/Accelerate.framework/Versions/A/Frameworks/vecLib.framework/Versions/A/vecLib
0x000000000bec0000 	/System/Library/Frameworks/Accelerate.framework/Versions/A/Frameworks/vecLib.framework/Versions/A/libvDSP.dylib
0x000000000bec0000 	/System/Library/Frameworks/Accelerate.framework/Versions/A/Frameworks/vecLib.framework/Versions/A/libvMisc.dylib
0x000000000bec0000 	/System/Library/Frameworks/Accelerate.framework/Versions/A/Frameworks/vecLib.framework/Versions/A/libLAPACK.dylib
0x000000000bec0000 	/System/Library/Frameworks/Accelerate.framework/Versions/A/Frameworks/vecLib.framework/Versions/A/libBLAS.dylib
0x000000000bec0000 	/System/Library/Frameworks/Accelerate.framework/Versions/A/Frameworks/vecLib.framework/Versions/A/libLinearAlgebra.dylib
0x000000000bec0000 	/System/Library/Frameworks/ApplicationServices.framework/Versions/A/Frameworks/ATS.framework/Versions/A/Resources/libFontParser.dylib
0x000000000bec0000 	/System/Library/Frameworks/ApplicationServices.framework/Versions/A/Frameworks/ATS.framework/Versions/A/Resources/libFontRegistry.dylib
0x000000000bec0000 	/System/Library/PrivateFrameworks/AppleVPA.framework/Versions/A/AppleVPA
0x000000000bec0000 	/System/Library/PrivateFrameworks/AppleJPEG.framework/Versions/A/AppleJPEG
0x000000000bec0000 	/System/Library/Frameworks/ImageIO.framework/Versions/A/Resources/libJPEG.dylib
0x000000000bec0000 	/System/Library/Frameworks/ImageIO.framework/Versions/A/Resources/libTIFF.dylib
0x000000000bec0000 	/System/Library/Frameworks/ImageIO.framework/Versions/A/Resources/libPng.dylib
0x000000000bec0000 	/System/Library/Frameworks/ImageIO.framework/Versions/A/Resources/libGIF.dylib
0x000000000bec0000 	/System/Library/Frameworks/ImageIO.framework/Versions/A/Resources/libJP2.dylib
0x000000000bec0000 	/System/Library/Frameworks/ImageIO.framework/Versions/A/Resources/libRadiance.dylib
0x000000000bec0000 	/System/Library/Frameworks/CoreVideo.framework/Versions/A/CoreVideo
0x000000000bec0000 	/System/Library/Frameworks/OpenGL.framework/Versions/A/Libraries/libGLU.dylib
0x000000000bec0000 	/System/Library/Frameworks/OpenGL.framework/Versions/A/Libraries/libGFXShared.dylib
0x000000000bec0000 	/System/Library/Frameworks/OpenGL.framework/Versions/A/Libraries/libGL.dylib
0x000000000bec0000 	/System/Library/Frameworks/OpenGL.framework/Versions/A/Libraries/libGLImage.dylib
0x000000000bec0000 	/System/Library/Frameworks/OpenGL.framework/Versions/A/Libraries/libCVMSPluginSupport.dylib
0x000000000bec0000 	/System/Library/Frameworks/OpenGL.framework/Versions/A/Libraries/libCoreVMClient.dylib
0x000000000bec0000 	/usr/lib/libcups.2.dylib
0x000000000bec0000 	/System/Library/Frameworks/Kerberos.framework/Versions/A/Kerberos
0x000000000bec0000 	/System/Library/Frameworks/GSS.framework/Versions/A/GSS
0x000000000bec0000 	/usr/lib/libresolv.9.dylib
0x000000000bec0000 	/usr/lib/libiconv.2.dylib
0x000000000bec0000 	/System/Library/PrivateFrameworks/Heimdal.framework/Versions/A/Heimdal
0x000000000bec0000 	/usr/lib/libheimdal-asn1.dylib
0x000000000bec0000 	/System/Library/Frameworks/OpenDirectory.framework/Versions/A/OpenDirectory
0x000000000bec0000 	/System/Library/PrivateFrameworks/CommonAuth.framework/Versions/A/CommonAuth
0x000000000bec0000 	/System/Library/Frameworks/OpenDirectory.framework/Versions/A/Frameworks/CFOpenDirectory.framework/Versions/A/CFOpenDirectory
0x000000000bec0000 	/System/Library/Frameworks/SecurityFoundation.framework/Versions/A/SecurityFoundation
0x000000000bec0000 	/System/Library/PrivateFrameworks/LanguageModeling.framework/Versions/A/LanguageModeling
0x000000000bec0000 	/usr/lib/libcmph.dylib
0x000000000bec0000 	/System/Library/Frameworks/ServiceManagement.framework/Versions/A/ServiceManagement
0x000000000bec0000 	/usr/lib/libxslt.1.dylib
0x000000000bec0000 	/System/Library/Frameworks/Carbon.framework/Versions/A/Frameworks/Ink.framework/Versions/A/Ink
0x000000000bec0000 	/System/Library/Frameworks/QuartzCore.framework/Versions/A/Frameworks/CoreImage.framework/Versions/A/CoreImage
0x000000000bec0000 	/System/Library/PrivateFrameworks/CrashReporterSupport.framework/Versions/A/CrashReporterSupport
0x000000000bec0000 	/System/Library/Frameworks/OpenCL.framework/Versions/A/OpenCL
0x000000000bec0000 	/System/Library/PrivateFrameworks/FaceCore.framework/Versions/A/FaceCore
0x000000000bec0000 	/System/Library/PrivateFrameworks/Ubiquity.framework/Versions/A/Ubiquity
0x000000000bec0000 	/System/Library/PrivateFrameworks/IconServices.framework/Versions/A/IconServices
0x000000000bec0000 	/System/Library/PrivateFrameworks/ChunkingLibrary.framework/Versions/A/ChunkingLibrary
0x000000000bec0000 	/System/Library/PrivateFrameworks/Apple80211.framework/Versions/A/Apple80211
0x000000000bec0000 	/System/Library/Frameworks/CoreWLAN.framework/Versions/A/CoreWLAN
0x000000000bec0000 	/System/Library/Frameworks/IOBluetooth.framework/Versions/A/IOBluetooth
0x000000000bec0000 	/System/Library/PrivateFrameworks/CoreWiFi.framework/Versions/A/CoreWiFi
0x000000000bec0000 	/System/Library/Frameworks/CoreBluetooth.framework/Versions/A/CoreBluetooth
0x000000000bec0000 	/System/Library/PrivateFrameworks/DebugSymbols.framework/Versions/A/DebugSymbols
0x000000000bec0000 	/System/Library/PrivateFrameworks/CoreSymbolication.framework/Versions/A/CoreSymbolication
0x000000000bec0000 	/System/Library/PrivateFrameworks/Symbolication.framework/Versions/A/Symbolication
0x000000000bec0000 	/System/Library/PrivateFrameworks/SpeechRecognitionCore.framework/Versions/A/SpeechRecognitionCore
0x0000000102e9f000 	/Library/Java/JavaVirtualMachines/jdk1.7.0_67.jdk/Contents/Home/jre/lib/server/libjvm.dylib
0x000000000bec0000 	/usr/lib/libstdc++.6.dylib
0x0000000103915000 	/Library/Java/JavaVirtualMachines/jdk1.7.0_67.jdk/Contents/Home/jre/lib/libverify.dylib
0x0000000103922000 	/Library/Java/JavaVirtualMachines/jdk1.7.0_67.jdk/Contents/Home/jre/lib/libjava.dylib
0x0000000103953000 	/Library/Java/JavaVirtualMachines/jdk1.7.0_67.jdk/Contents/Home/jre/lib/libjdwp.dylib
0x0000000103990000 	/Library/Java/JavaVirtualMachines/jdk1.7.0_67.jdk/Contents/Home/jre/lib/libnpt.dylib
0x000000010399d000 	/Library/Java/JavaVirtualMachines/jdk1.7.0_67.jdk/Contents/Home/jre/lib/libzip.dylib
0x00000001125f2000 	/System/Library/Frameworks/JavaVM.framework/Frameworks/JavaRuntimeSupport.framework/JavaRuntimeSupport
0x000000011260a000 	/System/Library/Frameworks/JavaVM.framework/Versions/A/Frameworks/JavaNativeFoundation.framework/Versions/A/JavaNativeFoundation
0x000000011261f000 	/System/Library/Frameworks/JavaVM.framework/Versions/A/JavaVM
0x000000000bec0000 	/System/Library/Frameworks/Carbon.framework/Versions/A/Carbon
0x000000011262c000 	/System/Library/PrivateFrameworks/JavaLaunching.framework/Versions/A/JavaLaunching
0x000000000bec0000 	/System/Library/Frameworks/Carbon.framework/Versions/A/Frameworks/CommonPanels.framework/Versions/A/CommonPanels
0x000000000bec0000 	/System/Library/Frameworks/Carbon.framework/Versions/A/Frameworks/Help.framework/Versions/A/Help
0x000000000bec0000 	/System/Library/Frameworks/Carbon.framework/Versions/A/Frameworks/ImageCapture.framework/Versions/A/ImageCapture
0x000000000bec0000 	/System/Library/Frameworks/Carbon.framework/Versions/A/Frameworks/OpenScripting.framework/Versions/A/OpenScripting
0x000000000bec0000 	/System/Library/Frameworks/Carbon.framework/Versions/A/Frameworks/Print.framework/Versions/A/Print
0x000000000bec0000 	/System/Library/Frameworks/Carbon.framework/Versions/A/Frameworks/SecurityHI.framework/Versions/A/SecurityHI
0x0000000114013000 	/Library/Java/JavaVirtualMachines/jdk1.7.0_67.jdk/Contents/Home/jre/lib/libdt_socket.dylib
0x000000011489e000 	/Library/Java/JavaVirtualMachines/jdk1.7.0_67.jdk/Contents/Home/jre/lib/libmanagement.dylib
0x00000001148a6000 	/Library/Java/JavaVirtualMachines/jdk1.7.0_67.jdk/Contents/Home/jre/lib/libnet.dylib
0x0000000114903000 	/Library/Java/JavaVirtualMachines/jdk1.7.0_67.jdk/Contents/Home/jre/lib/libnio.dylib
0x0000000114bb4000 	/Library/Java/JavaVirtualMachines/jdk1.7.0_67.jdk/Contents/Home/jre/lib/libsunec.dylib

VM Arguments:
jvm_args: -agentlib:jdwp=transport=dt_socket,suspend=y,address=localhost:55529 -Dfile.encoding=UTF-8 
java_command: com.nwmsrocks.s3uploader.Uploader
Launcher Type: SUN_STANDARD

Environment Variables:
PATH=/usr/bin:/bin:/usr/sbin:/sbin
SHELL=/bin/bash
DISPLAY=/private/tmp/com.apple.launchd.zdK5asVtCC/org.macosforge.xquartz:0

Signal Handlers:
SIGSEGV: [libjvm.dylib+0x52b6c9], sa_mask[0]=0xfffefeff, sa_flags=0x00000043
SIGBUS: [libjvm.dylib+0x52b6c9], sa_mask[0]=0xfffefeff, sa_flags=0x00000042
SIGFPE: [libjvm.dylib+0x41deaa], sa_mask[0]=0xfffefeff, sa_flags=0x00000042
SIGPIPE: [libjvm.dylib+0x41deaa], sa_mask[0]=0xfffefeff, sa_flags=0x00000042
SIGXFSZ: [libjvm.dylib+0x41deaa], sa_mask[0]=0xfffefeff, sa_flags=0x00000042
SIGILL: [libjvm.dylib+0x41deaa], sa_mask[0]=0xfffefeff, sa_flags=0x00000042
SIGUSR1: SIG_DFL, sa_mask[0]=0x00000000, sa_flags=0x00000000
SIGUSR2: [libjvm.dylib+0x41d99c], sa_mask[0]=0x00000004, sa_flags=0x00000042
SIGHUP: [libjvm.dylib+0x41bc2d], sa_mask[0]=0xfffefeff, sa_flags=0x00000042
SIGINT: [libjvm.dylib+0x41bc2d], sa_mask[0]=0xfffefeff, sa_flags=0x00000042
SIGTERM: [libjvm.dylib+0x41bc2d], sa_mask[0]=0xfffefeff, sa_flags=0x00000042
SIGQUIT: [libjvm.dylib+0x41bc2d], sa_mask[0]=0xfffefeff, sa_flags=0x00000042


---------------  S Y S T E M  ---------------

OS:Bsduname:Darwin 14.3.0 Darwin Kernel Version 14.3.0: Mon Mar 23 11:59:05 PDT 2015; root:xnu-2782.20.48~5/RELEASE_X86_64 x86_64
rlimit: STACK 8192k, CORE 0k, NPROC 709, NOFILE 10240, AS infinity
load average:1.81 1.85 1.94

CPU:total 4 (2 cores per cpu, 2 threads per core) family 6 model 58 stepping 9, cmov, cx8, fxsr, mmx, sse, sse2, sse3, ssse3, sse4.1, sse4.2, popcnt, avx, aes, erms, ht, tsc, tscinvbit, tscinv

Memory: 4k page, physical 16777216k(4194304k free)

/proc/meminfo:


vm_info: Java HotSpot(TM) 64-Bit Server VM (24.65-b04) for bsd-amd64 JRE (1.7.0_67-b01), built on Jul 25 2014 08:51:51 by "java_re" with gcc 4.2.1 (Based on Apple Inc. build 5658) (LLVM build 2336.11.00)

time: Thu Aug 13 15:19:56 2015
elapsed time: 93 seconds

